<?xml version="1.0" encoding="UTF-8"?>
<!-- Generated by org.testng.reporters.JUnitReportReporter -->
<testsuite hostname="LAPTOP-13M4B933" failures="0" tests="1" name="advanced.JDBC1" time="0.506" errors="0" timestamp="2025-02-04T15:41:03 IST" skipped="0">
  <testcase classname="advanced.JDBC1" name="EstCon" time="0.506"/>
  <system-out/>
</testsuite> <!-- advanced.JDBC1 -->
