<?xml version="1.0" encoding="UTF-8"?>
<!-- Generated by org.testng.reporters.JUnitReportReporter -->
<testsuite hostname="LAPTOP-13M4B933" failures="0" tests="1" name="basics.Exe" time="0.011" errors="0" timestamp="2025-01-26T14:16:44 IST" skipped="0">
  <testcase classname="basics.Exe" name="Obj" time="0.011"/>
  <system-out/>
</testsuite> <!-- basics.Exe -->
